0 info it worked if it ends with ok
1 verbose cli [ '/Users/jboudreau/.nvm/versions/node/v4.2.4/bin/node',
1 verbose cli   '/Users/jboudreau/.nvm/versions/node/v4.2.4/bin/npm',
1 verbose cli   'run',
1 verbose cli   'doc' ]
2 info using npm@2.14.12
3 info using node@v4.2.4
4 verbose run-script [ 'predoc', 'doc', 'postdoc' ]
5 info predoc procnet@1.2.5
6 info doc procnet@1.2.5
7 verbose unsafe-perm in lifecycle true
8 info procnet@1.2.5 Failed to exec doc script
9 verbose stack Error: procnet@1.2.5 doc: `jsdoc -d doc index.js`
9 verbose stack spawn ENOENT
9 verbose stack     at ChildProcess.<anonymous> (/Users/jboudreau/.nvm/versions/node/v4.2.4/lib/node_modules/npm/lib/utils/spawn.js:17:16)
9 verbose stack     at emitTwo (events.js:87:13)
9 verbose stack     at ChildProcess.emit (events.js:172:7)
9 verbose stack     at maybeClose (internal/child_process.js:818:16)
9 verbose stack     at Process.ChildProcess._handle.onexit (internal/child_process.js:211:5)
10 verbose pkgid procnet@1.2.5
11 verbose cwd /Users/jboudreau/workspaces/procnet
12 error Darwin 14.4.0
13 error argv "/Users/jboudreau/.nvm/versions/node/v4.2.4/bin/node" "/Users/jboudreau/.nvm/versions/node/v4.2.4/bin/npm" "run" "doc"
14 error node v4.2.4
15 error npm  v2.14.12
16 error file sh
17 error code ELIFECYCLE
18 error errno ENOENT
19 error syscall spawn
20 error procnet@1.2.5 doc: `jsdoc -d doc index.js`
20 error spawn ENOENT
21 error Failed at the procnet@1.2.5 doc script 'jsdoc -d doc index.js'.
21 error This is most likely a problem with the procnet package,
21 error not with npm itself.
21 error Tell the author that this fails on your system:
21 error     jsdoc -d doc index.js
21 error You can get their info via:
21 error     npm owner ls procnet
21 error There is likely additional logging output above.
22 verbose exit [ 1, true ]
